=/pretest.json
{
  _: [],
  f: [
    '/home/runner/work/exp-spatial-multiplexing-iiith/exp-spatial-multiplexing-iiith/experiment/pretest.json'
  ],
  files: [
    '/home/runner/work/exp-spatial-multiplexing-iiith/exp-spatial-multiplexing-iiith/experiment/pretest.json'
  ],
  c: 'assessment',
  contentTypes: 'assessment',
  'content-types': 'assessment',
  '$0': 'validate'
}
Failed while validating /home/runner/work/exp-spatial-multiplexing-iiith/exp-spatial-multiplexing-iiith/experiment/pretest.json
SyntaxError: /home/runner/work/exp-spatial-multiplexing-iiith/exp-spatial-multiplexing-iiith/experiment/pretest.json: Unexpected token : in JSON at position 1372
=/posttest.json
{
  _: [],
  f: [
    '/home/runner/work/exp-spatial-multiplexing-iiith/exp-spatial-multiplexing-iiith/experiment/posttest.json'
  ],
  files: [
    '/home/runner/work/exp-spatial-multiplexing-iiith/exp-spatial-multiplexing-iiith/experiment/posttest.json'
  ],
  c: 'assessment',
  contentTypes: 'assessment',
  'content-types': 'assessment',
  '$0': 'validate'
}
Validated true
